<?xml version="1.0" encoding="UTF-8"?>
<!-- Generated by org.testng.reporters.JUnitXMLReporter -->
<testsuite ignored="0" hostname="INBOOK_X1_SLIM" failures="0" tests="3" name="Default test" time="55.449" errors="0" timestamp="2024-06-09T23:51:27 IST">
  <testcase classname="testNG.testcaseClass" name="openChrome1" time="0.097"/>
  <testcase classname="testNG.testcaseClass" name="openChrome2" time="0.059"/>
  <testcase classname="testNG.testcaseClass" name="openChrome3" time="0.032"/>
</testsuite> <!-- Default test -->
