<?xml version="1.0" encoding="UTF-8"?>
<!-- Generated by org.testng.reporters.JUnitXMLReporter -->
<testsuite ignored="0" hostname="INBOOK_X1_SLIM" failures="0" tests="5" name="Default test" time="8.298" errors="0" timestamp="2024-06-13T17:20:30 IST">
  <testcase classname="featuresTestNG.featuresofTestNG" name="invokeBrowser" time="8.222"/>
  <testcase classname="featuresTestNG.featuresofTestNG" name="login" time="0.003"/>
  <testcase classname="featuresTestNG.featuresofTestNG" name="HomePage" time="0.002"/>
  <testcase classname="featuresTestNG.featuresofTestNG" name="chatPage" time="0.003"/>
  <testcase classname="featuresTestNG.featuresofTestNG" name="messagePage" time="0.001"/>
</testsuite> <!-- Default test -->
