<?xml version="1.0" encoding="UTF-8"?>
<!-- Generated by org.testng.reporters.JUnitXMLReporter -->
<testsuite ignored="0" hostname="INBOOK_X1_SLIM" failures="0" tests="11" name="Test" time="6.194" errors="0" timestamp="2024-06-17T16:38:18 IST">
  <testcase classname="featuresTestNG.featuresofTestNG" name="messageppage" time="0.012"/>
  <testcase classname="featuresTestNG.featuresofTestNG" name="messageppage" time="0.002"/>
  <testcase classname="featuresTestNG.featuresofTestNG" name="messageppage" time="0.001"/>
  <testcase classname="featuresTestNG.featuresofTestNG" name="messageppage" time="0.001"/>
  <testcase classname="featuresTestNG.featuresofTestNG" name="messageppage" time="0.001"/>
  <testcase classname="featuresTestNG.featuresofTestNG" name="close" time="0.002"/>
  <testcase classname="featuresTestNG.featuresofTestNG" name="HomePage" time="0.001"/>
  <testcase classname="featuresTestNG.featuresofTestNG" name="chatPage" time="0.001"/>
  <testcase classname="featuresTestNG.featuresofTestNG" name="login" time="0.001"/>
  <testcase classname="featuresTestNG.featuresofTestNG" name="messagePage" time="0.002"/>
  <testcase classname="assertion.validation" name="getTitle" time="0.017"/>
</testsuite> <!-- Test -->
