<?xml version="1.0" encoding="UTF-8"?>
<!-- Generated by org.testng.reporters.JUnitXMLReporter -->
<testsuite ignored="0" hostname="INBOOK_X1_SLIM" failures="1" tests="11" name="Test" time="5.528" errors="0" timestamp="2024-06-14T13:15:22 IST">
  <testcase classname="featuresTestNG.featuresofTestNG" name="messageppage" time="0.008"/>
  <testcase classname="featuresTestNG.featuresofTestNG" name="messageppage" time="0.002"/>
  <testcase classname="featuresTestNG.featuresofTestNG" name="messageppage" time="0.001"/>
  <testcase classname="featuresTestNG.featuresofTestNG" name="messageppage" time="0.001"/>
  <testcase classname="featuresTestNG.featuresofTestNG" name="messageppage" time="0.001"/>
  <testcase classname="featuresTestNG.featuresofTestNG" name="close" time="0.002"/>
  <testcase classname="featuresTestNG.featuresofTestNG" name="HomePage" time="0.002"/>
  <testcase classname="featuresTestNG.featuresofTestNG" name="chatPage" time="0.001">
    <failure type="java.lang.ArithmeticException" message="/ by zero">
      <![CDATA[java.lang.ArithmeticException: / by zero
at featuresTestNG.featuresofTestNG.chatPage(featuresofTestNG.java:27)
at java.base/java.util.ArrayList.forEach(ArrayList.java:1511)
... Removed 27 stack frames]]>
    </failure>
  </testcase> <!-- chatPage -->
  <testcase classname="featuresTestNG.featuresofTestNG" name="login" time="0.001"/>
  <testcase classname="featuresTestNG.featuresofTestNG" name="messagePage" time="0.001"/>
  <testcase classname="assertion.validation" name="getTitle" time="0.016"/>
</testsuite> <!-- Test -->
