<?xml version="1.0" encoding="UTF-8"?>
<testng-results ignored="0" total="3" passed="3" failed="0" skipped="0">
  <reporter-output>
  </reporter-output>
  <suite started-at="2024-06-09T23:50:31 IST" name="Default suite" finished-at="2024-06-09T23:51:27 IST" duration-ms="55449">
    <groups>
    </groups>
    <test started-at="2024-06-09T23:50:31 IST" name="Default test" finished-at="2024-06-09T23:51:27 IST" duration-ms="55449">
      <class name="testNG.testcaseClass">
        <test-method is-config="true" signature="invokeBrowser()[pri:0, instance:testNG.testcaseClass@4f2b503c]" started-at="2024-06-09T23:50:31 IST" name="invokeBrowser" finished-at="2024-06-09T23:51:11 IST" duration-ms="40050" status="PASS">
          <reporter-output>
          </reporter-output>
        </test-method> <!-- invokeBrowser -->
        <test-method signature="openChrome1()[pri:0, instance:testNG.testcaseClass@4f2b503c]" started-at="2024-06-09T23:51:11 IST" name="openChrome1" finished-at="2024-06-09T23:51:12 IST" duration-ms="97" status="PASS">
          <reporter-output>
          </reporter-output>
        </test-method> <!-- openChrome1 -->
        <test-method is-config="true" signature="tearDown()[pri:0, instance:testNG.testcaseClass@4f2b503c]" started-at="2024-06-09T23:51:12 IST" name="tearDown" finished-at="2024-06-09T23:51:12 IST" duration-ms="190" status="PASS">
          <reporter-output>
          </reporter-output>
        </test-method> <!-- tearDown -->
        <test-method is-config="true" signature="invokeBrowser()[pri:0, instance:testNG.testcaseClass@4f2b503c]" started-at="2024-06-09T23:51:12 IST" name="invokeBrowser" finished-at="2024-06-09T23:51:18 IST" duration-ms="6608" status="PASS">
          <reporter-output>
          </reporter-output>
        </test-method> <!-- invokeBrowser -->
        <test-method signature="openChrome2()[pri:0, instance:testNG.testcaseClass@4f2b503c]" started-at="2024-06-09T23:51:18 IST" name="openChrome2" finished-at="2024-06-09T23:51:18 IST" duration-ms="59" status="PASS">
          <reporter-output>
          </reporter-output>
        </test-method> <!-- openChrome2 -->
        <test-method is-config="true" signature="tearDown()[pri:0, instance:testNG.testcaseClass@4f2b503c]" started-at="2024-06-09T23:51:18 IST" name="tearDown" finished-at="2024-06-09T23:51:19 IST" duration-ms="130" status="PASS">
          <reporter-output>
          </reporter-output>
        </test-method> <!-- tearDown -->
        <test-method is-config="true" signature="invokeBrowser()[pri:0, instance:testNG.testcaseClass@4f2b503c]" started-at="2024-06-09T23:51:19 IST" name="invokeBrowser" finished-at="2024-06-09T23:51:26 IST" duration-ms="7962" status="PASS">
          <reporter-output>
          </reporter-output>
        </test-method> <!-- invokeBrowser -->
        <test-method signature="openChrome3()[pri:0, instance:testNG.testcaseClass@4f2b503c]" started-at="2024-06-09T23:51:26 IST" name="openChrome3" finished-at="2024-06-09T23:51:27 IST" duration-ms="32" status="PASS">
          <reporter-output>
          </reporter-output>
        </test-method> <!-- openChrome3 -->
        <test-method is-config="true" signature="tearDown()[pri:0, instance:testNG.testcaseClass@4f2b503c]" started-at="2024-06-09T23:51:27 IST" name="tearDown" finished-at="2024-06-09T23:51:27 IST" duration-ms="141" status="PASS">
          <reporter-output>
          </reporter-output>
        </test-method> <!-- tearDown -->
      </class> <!-- testNG.testcaseClass -->
    </test> <!-- Default test -->
  </suite> <!-- Default suite -->
</testng-results>
