<?xml version="1.0" encoding="UTF-8"?>
<testng-results ignored="0" total="5" passed="5" failed="0" skipped="0">
  <reporter-output>
  </reporter-output>
  <suite started-at="2024-06-13T17:20:22 IST" name="Default suite" finished-at="2024-06-13T17:20:30 IST" duration-ms="8298">
    <groups>
    </groups>
    <test started-at="2024-06-13T17:20:22 IST" name="Default test" finished-at="2024-06-13T17:20:30 IST" duration-ms="8298">
      <class name="featuresTestNG.featuresofTestNG">
        <test-method signature="invokeBrowser()[pri:0, instance:featuresTestNG.featuresofTestNG@2c35e847]" started-at="2024-06-13T17:20:22 IST" name="invokeBrowser" finished-at="2024-06-13T17:20:30 IST" duration-ms="8222" status="PASS">
          <reporter-output>
          </reporter-output>
        </test-method> <!-- invokeBrowser -->
        <test-method signature="login()[pri:0, instance:featuresTestNG.featuresofTestNG@2c35e847]" started-at="2024-06-13T17:20:30 IST" name="login" finished-at="2024-06-13T17:20:30 IST" depends-on-methods="featuresTestNG.featuresofTestNG.invokeBrowser" duration-ms="3" status="PASS">
          <reporter-output>
          </reporter-output>
        </test-method> <!-- login -->
        <test-method signature="HomePage()[pri:0, instance:featuresTestNG.featuresofTestNG@2c35e847]" started-at="2024-06-13T17:20:30 IST" name="HomePage" finished-at="2024-06-13T17:20:30 IST" depends-on-methods="featuresTestNG.featuresofTestNG.login" duration-ms="2" status="PASS">
          <reporter-output>
          </reporter-output>
        </test-method> <!-- HomePage -->
        <test-method signature="chatPage()[pri:0, instance:featuresTestNG.featuresofTestNG@2c35e847]" started-at="2024-06-13T17:20:30 IST" name="chatPage" finished-at="2024-06-13T17:20:30 IST" depends-on-methods="featuresTestNG.featuresofTestNG.login" duration-ms="3" status="PASS">
          <reporter-output>
          </reporter-output>
        </test-method> <!-- chatPage -->
        <test-method signature="messagePage()[pri:0, instance:featuresTestNG.featuresofTestNG@2c35e847]" started-at="2024-06-13T17:20:30 IST" name="messagePage" finished-at="2024-06-13T17:20:30 IST" depends-on-methods="featuresTestNG.featuresofTestNG.login" duration-ms="1" status="PASS">
          <reporter-output>
          </reporter-output>
        </test-method> <!-- messagePage -->
      </class> <!-- featuresTestNG.featuresofTestNG -->
    </test> <!-- Default test -->
  </suite> <!-- Default suite -->
</testng-results>
